<?xml version="1.0" encoding="UTF-8"?>
<!-- Generated by org.testng.reporters.JUnitXMLReporter -->
<testsuite ignored="0" hostname="HP" failures="0" tests="4" name="Test" time="0.077" errors="0" timestamp="2021-03-26T17:04:34 IST">
  <testcase classname="qaclickacademy.AppiumTest" name="IOSApps" time="0.009"/>
  <testcase classname="qaclickacademy.AppiumTest" name="NativeAPpAndroid" time="0.001"/>
  <testcase classname="qaclickacademy.SeleniumTest" name="BrowserAUtomtion" time="0.001"/>
  <testcase classname="qaclickacademy.SeleniumTest" name="elementsUi" time="0.0"/>
</testsuite> <!-- Test -->
