<?xml version="1.0" encoding="UTF-8"?>
<testng-results ignored="0" total="4" passed="4" failed="0" skipped="0">
  <reporter-output>
  </reporter-output>
  <suite started-at="2021-03-26T17:04:34 IST" name="Suite" finished-at="2021-03-26T17:04:34 IST" duration-ms="77">
    <groups>
    </groups>
    <test started-at="2021-03-26T17:04:34 IST" name="Test" finished-at="2021-03-26T17:04:34 IST" duration-ms="77">
      <class name="qaclickacademy.AppiumTest">
        <test-method signature="IOSApps()[pri:0, instance:qaclickacademy.AppiumTest@6e75aa0d]" started-at="2021-03-26T17:04:34 IST" name="IOSApps" finished-at="2021-03-26T17:04:34 IST" duration-ms="9" status="PASS">
          <reporter-output>
          </reporter-output>
        </test-method> <!-- IOSApps -->
        <test-method signature="NativeAPpAndroid()[pri:0, instance:qaclickacademy.AppiumTest@6e75aa0d]" started-at="2021-03-26T17:04:34 IST" name="NativeAPpAndroid" finished-at="2021-03-26T17:04:34 IST" duration-ms="1" status="PASS">
          <reporter-output>
          </reporter-output>
        </test-method> <!-- NativeAPpAndroid -->
      </class> <!-- qaclickacademy.AppiumTest -->
      <class name="qaclickacademy.SeleniumTest">
        <test-method signature="BrowserAUtomtion()[pri:0, instance:qaclickacademy.SeleniumTest@7fc229ab]" started-at="2021-03-26T17:04:34 IST" name="BrowserAUtomtion" finished-at="2021-03-26T17:04:34 IST" duration-ms="1" status="PASS">
          <reporter-output>
          </reporter-output>
        </test-method> <!-- BrowserAUtomtion -->
        <test-method signature="elementsUi()[pri:0, instance:qaclickacademy.SeleniumTest@7fc229ab]" started-at="2021-03-26T17:04:34 IST" name="elementsUi" finished-at="2021-03-26T17:04:34 IST" duration-ms="0" status="PASS">
          <reporter-output>
          </reporter-output>
        </test-method> <!-- elementsUi -->
      </class> <!-- qaclickacademy.SeleniumTest -->
    </test> <!-- Test -->
  </suite> <!-- Suite -->
</testng-results>
